2023-10-27T16:44:08.136Z   +147ms [debug] Config loaded {"version":"2.27.0","cdkVersion":"2.95.1","constructsVersion":"10.2.69","config":{"name":"calvinmarket","region":"us-east-1","stage":"blint","ssmPrefix":"/sst/calvinmarket/blint/"},"metafile":{"inputs":{"sst.config.ts":{"bytes":285,"imports":[{"path":"aws-cdk-lib/aws-appsync","kind":"import-statement","external":true},{"path":"sst","kind":"import-statement","external":true},{"path":"sst/constructs","kind":"import-statement","external":true}],"format":"esm"}},"outputs":{".sst.config.1698425048014.mjs":{"imports":[],"exports":["default"],"entryPoint":"sst.config.ts","inputs":{"sst.config.ts":{"bytesInOutput":127}},"bytes":309}}},"paths":{"config":"C:\\Users\\lhump\\Desktop\\Cider\\Sites\\CalvinMarket\\sst.config.ts","root":"C:\\Users\\lhump\\Desktop\\Cider\\Sites\\CalvinMarket","out":"C:\\Users\\lhump\\Desktop\\Cider\\Sites\\CalvinMarket\\.sst","artifacts":"C:\\Users\\lhump\\Desktop\\Cider\\Sites\\CalvinMarket\\.sst\\artifacts"}}
2023-10-27T16:44:14.260Z  +6124ms [debug] Using AWS profile 
2023-10-27T16:44:14.327Z    +67ms [debug] Created AWS client IoTClient
2023-10-27T16:44:14.327Z     +0ms [debug] Getting IoT endpoint
2023-10-27T16:44:14.387Z    +60ms [debug] Synthesizing stacks...
2023-10-27T16:44:14.400Z    +13ms [debug] Created AWS client STSClient
2023-10-27T16:44:14.573Z   +173ms [debug] Using IoT endpoint: a1jzvzbgza6d2r-ats.iot.us-east-1.amazonaws.com
2023-10-27T16:44:14.573Z     +0ms [debug] Initializing bootstrap context
2023-10-27T16:44:14.579Z     +6ms [debug] Created AWS client CloudFormationClient
2023-10-27T16:44:14.662Z    +83ms [debug] Using identity Account: 857197001789 User: AIDA4PFHMHQ62DAKPSUJD
2023-10-27T16:44:14.678Z    +16ms [debug] Generating types in C:\Users\lhump\Desktop\Cider\Sites\CalvinMarket\.sst\types
2023-10-27T16:44:14.803Z   +125ms [debug] Running 1 deferred tasks with concurrency: 15
2023-10-27T16:44:15.142Z   +339ms [debug] Loaded bootstrap status
2023-10-27T16:44:15.142Z     +0ms [debug] Bootstrap context initialized {"status":"ready","version":"7.2","bucket":"sstbootstrap-useast124d14e4b-1mhxdkup1i5ni"}
2023-10-27T16:44:15.149Z     +7ms [debug] Created AWS client S3Client
2023-10-27T16:44:15.368Z   +219ms [debug] 
2023-10-27T16:44:15.368Z     +0ms [debug] Loading v2 AWS SDK
2023-10-27T16:44:15.369Z     +1ms [debug] Finished synthesizing
2023-10-27T16:44:15.663Z   +294ms [debug] IoT connected
2023-10-27T16:44:15.858Z   +195ms [debug] Created AWS client LambdaClient
